<?xml version="1.0" encoding="UTF-8"?>
<!-- Generated by org.testng.reporters.JUnitXMLReporter -->
<testsuite ignored="0" hostname="MSDT019" failures="0" tests="4" name="Test" time="63.222" errors="0" timestamp="2022-02-10T18:02:03 IST">
  <testcase classname="com.Tests.LoginTest" name="Logindetails" time="1.186"/>
  <testcase classname="com.Tests.Add_EmployeTest" name="clicknavToAddEmpPage" time="10.809"/>
  <testcase classname="com.Tests.Hometest" name="logout" time="8.576"/>
  <testcase classname="com.Tests.Add_UserTest" name="AddingUserDetails" time="10.707"/>
</testsuite> <!-- Test -->
