<?xml version="1.0" encoding="UTF-8"?>
<!-- Generated by org.testng.reporters.JUnitXMLReporter -->
<testsuite ignored="0" hostname="MSDT019" failures="0" tests="4" name="Test" time="20.85" errors="0" timestamp="2022-02-08T16:35:22 IST">
  <testcase classname="com.Tests.LoginTest" name="forgetpas" time="1.177"/>
  <testcase classname="com.Tests.LoginTest" name="CheckTitle" time="0.008"/>
  <testcase classname="com.Tests.LoginTest" name="Logindetails" time="18.214"/>
  <testcase classname="com.Tests.Hometest" name="logout" time="1.388"/>
</testsuite> <!-- Test -->
