<?xml version="1.0" encoding="UTF-8"?>
<!-- Generated by org.testng.reporters.JUnitXMLReporter -->
<testsuite ignored="0" hostname="MSDT019" failures="0" tests="5" name="Test" time="22.607" errors="0" timestamp="2022-02-15T20:24:12 IST">
  <testcase classname="Tests.Login_Page_Test" name="Logindetails" time="0.393"/>
  <testcase classname="Tests.AddToCartTest" name="AddItemsToCart" time="0.386"/>
  <testcase classname="Tests.CheckOutTest" name="CheckOut" time="0.421"/>
  <testcase classname="Tests.YourCartTest" name="RemoveToCartButton" time="0.496"/>
  <testcase classname="Tests.YourInfomationTest" name="CheckoutItem" time="0.816"/>
</testsuite> <!-- Test -->
