<?xml version="1.0" encoding="UTF-8"?>
<!-- Generated by org.testng.reporters.JUnitXMLReporter -->
<testsuite ignored="0" hostname="MSDT019" failures="0" tests="5" name="Test" time="27.21" errors="0" timestamp="2022-02-15T22:13:03 IST">
  <testcase classname="Tests.Login_Page_Test" name="Logindetails" time="0.297"/>
  <testcase classname="Tests.HomePageTest" name="AddItemsToCart" time="0.493"/>
  <testcase classname="Tests.YourCartTest" name="RemoveToCartButton" time="0.5"/>
  <testcase classname="Tests.CheckOutTest" name="CheckOut" time="0.48"/>
  <testcase classname="Tests.YourInfomationTest" name="CheckoutItem" time="0.909"/>
</testsuite> <!-- Test -->
