<?xml version="1.0" encoding="UTF-8"?>
<!-- Generated by org.testng.reporters.JUnitXMLReporter -->
<testsuite ignored="2" hostname="MSDT019" failures="0" tests="1" name="Default test" time="15.533" errors="0" timestamp="2022-02-10T16:37:37 IST">
  <testcase classname="com.Tests.LoginTest" name="Logindetails" time="7.356"/>
  <testcase classname="com.Tests.LoginTest" name="CheckTitle" time="0.0">
    <ignored/>
  </testcase> <!-- CheckTitle -->
  <testcase classname="com.Tests.LoginTest" name="forgetpas" time="0.0">
    <ignored/>
  </testcase> <!-- forgetpas -->
</testsuite> <!-- Default test -->
