<?xml version="1.0" encoding="UTF-8"?>
<!-- Generated by org.testng.reporters.JUnitXMLReporter -->
<testsuite ignored="0" hostname="MSDT019" failures="0" tests="3" name="Default test" time="20.967" errors="0" timestamp="2022-02-08T19:10:29 IST">
  <testcase classname="com.Tests.LoginTest" name="forgetpas" time="1.195"/>
  <testcase classname="com.Tests.LoginTest" name="CheckTitle" time="0.012"/>
  <testcase classname="com.Tests.LoginTest" name="Logindetails" time="19.702"/>
</testsuite> <!-- Default test -->
