<?xml version="1.0" encoding="UTF-8"?>
<testng-results ignored="0" total="5" passed="5" failed="0" skipped="0">
  <reporter-output>
  </reporter-output>
  <suite started-at="2022-02-15T22:12:36 IST" name="Suite" finished-at="2022-02-15T22:13:03 IST" duration-ms="27210">
    <groups>
    </groups>
    <test started-at="2022-02-15T22:12:36 IST" name="Test" finished-at="2022-02-15T22:13:03 IST" duration-ms="27210">
      <class name="Tests.CheckOutTest">
        <test-method is-config="true" signature="initialization()[pri:0, instance:Tests.CheckOutTest@36bc55de]" started-at="2022-02-15T22:12:49 IST" name="initialization" finished-at="2022-02-15T22:12:54 IST" duration-ms="4651" status="PASS">
          <reporter-output>
          </reporter-output>
        </test-method> <!-- initialization -->
        <test-method signature="CheckOut()[pri:0, instance:Tests.CheckOutTest@36bc55de]" started-at="2022-02-15T22:12:54 IST" name="CheckOut" finished-at="2022-02-15T22:12:54 IST" duration-ms="480" status="PASS">
          <reporter-output>
          </reporter-output>
        </test-method> <!-- CheckOut -->
        <test-method is-config="true" signature="tearDown()[pri:0, instance:Tests.CheckOutTest@36bc55de]" started-at="2022-02-15T22:12:54 IST" name="tearDown" finished-at="2022-02-15T22:12:59 IST" duration-ms="4242" status="PASS">
          <reporter-output>
          </reporter-output>
        </test-method> <!-- tearDown -->
      </class> <!-- Tests.CheckOutTest -->
      <class name="Tests.Login_Page_Test">
        <test-method is-config="true" signature="initialization()[pri:0, instance:Tests.Login_Page_Test@595b007d]" started-at="2022-02-15T22:12:36 IST" name="initialization" finished-at="2022-02-15T22:12:40 IST" duration-ms="4166" status="PASS">
          <reporter-output>
          </reporter-output>
        </test-method> <!-- initialization -->
        <test-method signature="Logindetails()[pri:0, instance:Tests.Login_Page_Test@595b007d]" started-at="2022-02-15T22:12:40 IST" name="Logindetails" finished-at="2022-02-15T22:12:41 IST" duration-ms="297" status="PASS">
          <reporter-output>
          </reporter-output>
        </test-method> <!-- Logindetails -->
        <test-method is-config="true" signature="tearDown()[pri:0, instance:Tests.Login_Page_Test@595b007d]" started-at="2022-02-15T22:12:41 IST" name="tearDown" finished-at="2022-02-15T22:12:41 IST" duration-ms="88" status="PASS">
          <reporter-output>
          </reporter-output>
        </test-method> <!-- tearDown -->
      </class> <!-- Tests.Login_Page_Test -->
      <class name="Tests.YourCartTest">
        <test-method is-config="true" signature="initialization()[pri:0, instance:Tests.YourCartTest@1189dd52]" started-at="2022-02-15T22:12:45 IST" name="initialization" finished-at="2022-02-15T22:12:49 IST" duration-ms="3322" status="PASS">
          <reporter-output>
          </reporter-output>
        </test-method> <!-- initialization -->
        <test-method signature="RemoveToCartButton()[pri:0, instance:Tests.YourCartTest@1189dd52]" started-at="2022-02-15T22:12:49 IST" name="RemoveToCartButton" finished-at="2022-02-15T22:12:49 IST" duration-ms="500" status="PASS">
          <reporter-output>
          </reporter-output>
        </test-method> <!-- RemoveToCartButton -->
        <test-method is-config="true" signature="tearDown()[pri:0, instance:Tests.YourCartTest@1189dd52]" started-at="2022-02-15T22:12:49 IST" name="tearDown" finished-at="2022-02-15T22:12:49 IST" duration-ms="124" status="PASS">
          <reporter-output>
          </reporter-output>
        </test-method> <!-- tearDown -->
      </class> <!-- Tests.YourCartTest -->
      <class name="Tests.YourInfomationTest">
        <test-method is-config="true" signature="initialization()[pri:0, instance:Tests.YourInfomationTest@564fabc8]" started-at="2022-02-15T22:12:59 IST" name="initialization" finished-at="2022-02-15T22:13:02 IST" duration-ms="3697" status="PASS">
          <reporter-output>
          </reporter-output>
        </test-method> <!-- initialization -->
        <test-method signature="CheckoutItem()[pri:0, instance:Tests.YourInfomationTest@564fabc8]" started-at="2022-02-15T22:13:02 IST" name="CheckoutItem" finished-at="2022-02-15T22:13:03 IST" duration-ms="909" status="PASS">
          <reporter-output>
          </reporter-output>
        </test-method> <!-- CheckoutItem -->
        <test-method is-config="true" signature="tearDown()[pri:0, instance:Tests.YourInfomationTest@564fabc8]" started-at="2022-02-15T22:13:03 IST" name="tearDown" finished-at="2022-02-15T22:13:03 IST" duration-ms="88" status="PASS">
          <reporter-output>
          </reporter-output>
        </test-method> <!-- tearDown -->
      </class> <!-- Tests.YourInfomationTest -->
      <class name="Tests.HomePageTest">
        <test-method is-config="true" signature="initialization()[pri:0, instance:Tests.HomePageTest@7e07db1f]" started-at="2022-02-15T22:12:41 IST" name="initialization" finished-at="2022-02-15T22:12:44 IST" duration-ms="3608" status="PASS">
          <reporter-output>
          </reporter-output>
        </test-method> <!-- initialization -->
        <test-method signature="AddItemsToCart()[pri:0, instance:Tests.HomePageTest@7e07db1f]" started-at="2022-02-15T22:12:44 IST" name="AddItemsToCart" finished-at="2022-02-15T22:12:45 IST" duration-ms="493" status="PASS">
          <reporter-output>
          </reporter-output>
        </test-method> <!-- AddItemsToCart -->
        <test-method is-config="true" signature="tearDown()[pri:0, instance:Tests.HomePageTest@7e07db1f]" started-at="2022-02-15T22:12:45 IST" name="tearDown" finished-at="2022-02-15T22:12:45 IST" duration-ms="257" status="PASS">
          <reporter-output>
          </reporter-output>
        </test-method> <!-- tearDown -->
      </class> <!-- Tests.HomePageTest -->
    </test> <!-- Test -->
  </suite> <!-- Suite -->
</testng-results>
