<?xml version="1.0" encoding="UTF-8"?>
<testng-results ignored="0" total="4" passed="4" failed="0" skipped="0">
  <reporter-output>
  </reporter-output>
  <suite started-at="2022-02-08T16:35:01 IST" name="Suite" finished-at="2022-02-08T16:35:22 IST" duration-ms="20850">
    <groups>
    </groups>
    <test started-at="2022-02-08T16:35:01 IST" name="Test" finished-at="2022-02-08T16:35:22 IST" duration-ms="20850">
      <class name="com.Tests.Hometest">
        <test-method signature="logout()[pri:4, instance:com.Tests.Hometest@478190fc]" started-at="2022-02-08T16:35:21 IST" name="logout" finished-at="2022-02-08T16:35:22 IST" duration-ms="1388" status="PASS">
          <reporter-output>
          </reporter-output>
        </test-method> <!-- logout -->
      </class> <!-- com.Tests.Hometest -->
      <class name="com.Tests.LoginTest">
        <test-method is-config="true" signature="Launch()[pri:0, instance:com.Tests.LoginTest@222545dc]" started-at="2022-02-08T16:34:51 IST" name="Launch" finished-at="2022-02-08T16:35:01 IST" duration-ms="10363" status="PASS">
          <reporter-output>
          </reporter-output>
        </test-method> <!-- Launch -->
        <test-method signature="forgetpas()[pri:1, instance:com.Tests.LoginTest@222545dc]" started-at="2022-02-08T16:35:01 IST" name="forgetpas" finished-at="2022-02-08T16:35:03 IST" duration-ms="1177" status="PASS">
          <reporter-output>
          </reporter-output>
        </test-method> <!-- forgetpas -->
        <test-method signature="CheckTitle()[pri:2, instance:com.Tests.LoginTest@222545dc]" started-at="2022-02-08T16:35:03 IST" name="CheckTitle" finished-at="2022-02-08T16:35:03 IST" duration-ms="8" status="PASS">
          <reporter-output>
          </reporter-output>
        </test-method> <!-- CheckTitle -->
        <test-method signature="Logindetails()[pri:3, instance:com.Tests.LoginTest@222545dc]" started-at="2022-02-08T16:35:03 IST" name="Logindetails" finished-at="2022-02-08T16:35:21 IST" duration-ms="18214" status="PASS">
          <reporter-output>
          </reporter-output>
        </test-method> <!-- Logindetails -->
      </class> <!-- com.Tests.LoginTest -->
    </test> <!-- Test -->
  </suite> <!-- Suite -->
</testng-results>
