<?xml version="1.0" encoding="UTF-8"?>
<!-- Generated by org.testng.reporters.JUnitXMLReporter -->
<testsuite ignored="0" hostname="MSDT019" failures="0" tests="5" name="Default test" time="5.973" errors="0" timestamp="2022-02-15T22:05:23 IST">
  <testcase classname="Tests.VerifyUserIsAbleTocheckout" name="Logindetails" time="0.284"/>
  <testcase classname="Tests.VerifyUserIsAbleTocheckout" name="AddItemsToCart" time="0.143"/>
  <testcase classname="Tests.VerifyUserIsAbleTocheckout" name="RemoveToCartButton" time="0.141"/>
  <testcase classname="Tests.VerifyUserIsAbleTocheckout" name="CheckOut" time="0.25"/>
  <testcase classname="Tests.VerifyUserIsAbleTocheckout" name="CheckoutItem" time="0.462"/>
</testsuite> <!-- Default test -->
