<?xml version="1.0" encoding="UTF-8"?>
<testng-results ignored="0" total="1" passed="1" failed="0" skipped="0">
  <reporter-output>
  </reporter-output>
  <suite started-at="2022-02-16T18:11:43Z" name="Default suite" finished-at="2022-02-16T18:11:46Z" duration-ms="2806">
    <groups>
    </groups>
    <test started-at="2022-02-16T18:11:43Z" name="Default test" finished-at="2022-02-16T18:11:46Z" duration-ms="2806">
      <class name="restAssure.RestAPI">
        <test-method signature="enterDataExcel(java.lang.String, java.lang.String)[pri:0, instance:restAssure.RestAPI@117159c0]" started-at="2022-02-16T18:11:43Z" name="enterDataExcel" data-provider="test" finished-at="2022-02-16T18:11:46Z" duration-ms="2571" status="PASS">
          <params>
            <param index="0">
              <value>
                <![CDATA[Rishav@gmail.com]]>
              </value>
            </param>
            <param index="1">
              <value is-null="true"/>
            </param>
          </params>
          <reporter-output>
          </reporter-output>
        </test-method> <!-- enterDataExcel -->
      </class> <!-- restAssure.RestAPI -->
    </test> <!-- Default test -->
  </suite> <!-- Default suite -->
</testng-results>
